android/app/build/intermediates/manifest_merge_blame_file/release/processReleaseMainManifest/manifest-merger-blame-release-report.txt
1<?xml version="1.0" encoding="utf-8"?>
2<manifest xmlns:android="http://schemas.android.com/apk/res/android"
3    package="com.tamarcosmetics"
4    android:versionCode="5"
5    android:versionName="5.0" >
6
7    <uses-sdk
8        android:minSdkVersion="24"
9        android:targetSdkVersion="36" />
10
11    <uses-permission android:name="android.permission.INTERNET" />
11-->src/main/AndroidManifest.xml:3:5-67
11-->src/main/AndroidManifest.xml:3:22-64
12    <uses-permission android:name="android.permission.RECEIVE_BOOT_COMPLETED" />
12-->src/main/AndroidManifest.xml:4:5-81
12-->src/main/AndroidManifest.xml:4:22-78
13    <uses-permission android:name="android.permission.VIBRATE" />
13-->src/main/AndroidManifest.xml:5:5-66
13-->src/main/AndroidManifest.xml:5:22-63
14
15    <queries>
15-->[:react-native-webview] AndroidManifest.xml:7:5-17:15
16        <intent>
16-->[:react-native-webview] AndroidManifest.xml:8:9-10:18
17            <action android:name="org.chromium.intent.action.PAY" />
17-->[:react-native-webview] AndroidManifest.xml:9:13-69
17-->[:react-native-webview] AndroidManifest.xml:9:21-66
18        </intent>
19        <intent>
19-->[:react-native-webview] AndroidManifest.xml:11:9-13:18
20            <action android:name="org.chromium.intent.action.IS_READY_TO_PAY" />
20-->[:react-native-webview] AndroidManifest.xml:12:13-81
20-->[:react-native-webview] AndroidManifest.xml:12:21-78
21        </intent>
22        <intent>
22-->[:react-native-webview] AndroidManifest.xml:14:9-16:18
23            <action android:name="org.chromium.intent.action.UPDATE_PAYMENT_DETAILS" />
23-->[:react-native-webview] AndroidManifest.xml:15:13-88
23-->[:react-native-webview] AndroidManifest.xml:15:21-85
24        </intent>
25    </queries>
26
27    <uses-permission android:name="android.permission.ACCESS_NETWORK_STATE" />
27-->[:react-native-community_netinfo] AndroidManifest.xml:7:5-79
27-->[:react-native-community_netinfo] AndroidManifest.xml:7:22-76
28    <uses-permission android:name="android.permission.ACCESS_WIFI_STATE" /> <!-- Create a unique permission for your app and use it so only your app can receive your OneSignal messages. -->
28-->[:react-native-community_netinfo] AndroidManifest.xml:8:5-76
28-->[:react-native-community_netinfo] AndroidManifest.xml:8:22-73
29    <permission
29-->[com.onesignal:notifications:5.1.34] AndroidManifest.xml:10:5-12:47
30        android:name="com.tamarcosmetics.permission.C2D_MESSAGE"
30-->[com.onesignal:notifications:5.1.34] AndroidManifest.xml:11:9-63
31        android:protectionLevel="signature" />
31-->[com.onesignal:notifications:5.1.34] AndroidManifest.xml:12:9-44
32
33    <uses-permission android:name="com.tamarcosmetics.permission.C2D_MESSAGE" /> <!-- Required runtime permission to display notifications on Android 13 -->
33-->[com.onesignal:notifications:5.1.34] AndroidManifest.xml:14:5-79
33-->[com.onesignal:notifications:5.1.34] AndroidManifest.xml:14:22-76
34    <uses-permission android:name="android.permission.POST_NOTIFICATIONS" /> <!-- Required, makes sure notifications are delivered on time. -->
34-->[com.onesignal:notifications:5.1.34] AndroidManifest.xml:17:5-77
34-->[com.onesignal:notifications:5.1.34] AndroidManifest.xml:17:22-74
35    <uses-permission android:name="android.permission.WAKE_LOCK" /> <!-- c2dm RECEIVE are basic requirements for push messages through Google's FCM -->
35-->[com.onesignal:notifications:5.1.34] AndroidManifest.xml:18:5-68
35-->[com.onesignal:notifications:5.1.34] AndroidManifest.xml:18:22-65
36    <uses-permission android:name="com.google.android.c2dm.permission.RECEIVE" /> <!-- START: ShortcutBadger -->
36-->[com.onesignal:notifications:5.1.34] AndroidManifest.xml:19:5-82
36-->[com.onesignal:notifications:5.1.34] AndroidManifest.xml:19:22-79
37    <!-- Samsung -->
38    <uses-permission android:name="com.sec.android.provider.badge.permission.READ" />
38-->[com.onesignal:notifications:5.1.34] AndroidManifest.xml:31:5-86
38-->[com.onesignal:notifications:5.1.34] AndroidManifest.xml:31:22-83
39    <uses-permission android:name="com.sec.android.provider.badge.permission.WRITE" /> <!-- HTC -->
39-->[com.onesignal:notifications:5.1.34] AndroidManifest.xml:32:5-87
39-->[com.onesignal:notifications:5.1.34] AndroidManifest.xml:32:22-84
40    <uses-permission android:name="com.htc.launcher.permission.READ_SETTINGS" />
40-->[com.onesignal:notifications:5.1.34] AndroidManifest.xml:33:5-81
40-->[com.onesignal:notifications:5.1.34] AndroidManifest.xml:33:22-78
41    <uses-permission android:name="com.htc.launcher.permission.UPDATE_SHORTCUT" /> <!-- Sony -->
41-->[com.onesignal:notifications:5.1.34] AndroidManifest.xml:34:5-83
41-->[com.onesignal:notifications:5.1.34] AndroidManifest.xml:34:22-80
42    <uses-permission android:name="com.sonyericsson.home.permission.BROADCAST_BADGE" />
42-->[com.onesignal:notifications:5.1.34] AndroidManifest.xml:35:5-88
42-->[com.onesignal:notifications:5.1.34] AndroidManifest.xml:35:22-85
43    <uses-permission android:name="com.sonymobile.home.permission.PROVIDER_INSERT_BADGE" /> <!-- Apex -->
43-->[com.onesignal:notifications:5.1.34] AndroidManifest.xml:36:5-92
43-->[com.onesignal:notifications:5.1.34] AndroidManifest.xml:36:22-89
44    <uses-permission android:name="com.anddoes.launcher.permission.UPDATE_COUNT" /> <!-- Solid -->
44-->[com.onesignal:notifications:5.1.34] AndroidManifest.xml:37:5-84
44-->[com.onesignal:notifications:5.1.34] AndroidManifest.xml:37:22-81
45    <uses-permission android:name="com.majeur.launcher.permission.UPDATE_BADGE" /> <!-- Huawei -->
45-->[com.onesignal:notifications:5.1.34] AndroidManifest.xml:38:5-83
45-->[com.onesignal:notifications:5.1.34] AndroidManifest.xml:38:22-80
46    <uses-permission android:name="com.huawei.android.launcher.permission.CHANGE_BADGE" />
46-->[com.onesignal:notifications:5.1.34] AndroidManifest.xml:39:5-91
46-->[com.onesignal:notifications:5.1.34] AndroidManifest.xml:39:22-88
47    <uses-permission android:name="com.huawei.android.launcher.permission.READ_SETTINGS" />
47-->[com.onesignal:notifications:5.1.34] AndroidManifest.xml:40:5-92
47-->[com.onesignal:notifications:5.1.34] AndroidManifest.xml:40:22-89
48    <uses-permission android:name="com.huawei.android.launcher.permission.WRITE_SETTINGS" /> <!-- ZUK -->
48-->[com.onesignal:notifications:5.1.34] AndroidManifest.xml:41:5-93
48-->[com.onesignal:notifications:5.1.34] AndroidManifest.xml:41:22-90
49    <uses-permission android:name="android.permission.READ_APP_BADGE" /> <!-- OPPO -->
49-->[com.onesignal:notifications:5.1.34] AndroidManifest.xml:42:5-73
49-->[com.onesignal:notifications:5.1.34] AndroidManifest.xml:42:22-70
50    <uses-permission android:name="com.oppo.launcher.permission.READ_SETTINGS" />
50-->[com.onesignal:notifications:5.1.34] AndroidManifest.xml:43:5-82
50-->[com.onesignal:notifications:5.1.34] AndroidManifest.xml:43:22-79
51    <uses-permission android:name="com.oppo.launcher.permission.WRITE_SETTINGS" /> <!-- EvMe -->
51-->[com.onesignal:notifications:5.1.34] AndroidManifest.xml:44:5-83
51-->[com.onesignal:notifications:5.1.34] AndroidManifest.xml:44:22-80
52    <uses-permission android:name="me.everything.badger.permission.BADGE_COUNT_READ" />
52-->[com.onesignal:notifications:5.1.34] AndroidManifest.xml:45:5-88
52-->[com.onesignal:notifications:5.1.34] AndroidManifest.xml:45:22-85
53    <uses-permission android:name="me.everything.badger.permission.BADGE_COUNT_WRITE" />
53-->[com.onesignal:notifications:5.1.34] AndroidManifest.xml:46:5-89
53-->[com.onesignal:notifications:5.1.34] AndroidManifest.xml:46:22-86
54    <uses-permission android:name="android.permission.FOREGROUND_SERVICE" />
54-->[androidx.work:work-runtime:2.8.1] AndroidManifest.xml:26:5-77
54-->[androidx.work:work-runtime:2.8.1] AndroidManifest.xml:26:22-74
55
56    <permission
56-->[androidx.core:core:1.13.1] AndroidManifest.xml:22:5-24:47
57        android:name="com.tamarcosmetics.DYNAMIC_RECEIVER_NOT_EXPORTED_PERMISSION"
57-->[androidx.core:core:1.13.1] AndroidManifest.xml:23:9-81
58        android:protectionLevel="signature" />
58-->[androidx.core:core:1.13.1] AndroidManifest.xml:24:9-44
59
60    <uses-permission android:name="com.tamarcosmetics.DYNAMIC_RECEIVER_NOT_EXPORTED_PERMISSION" />
60-->[androidx.core:core:1.13.1] AndroidManifest.xml:26:5-97
60-->[androidx.core:core:1.13.1] AndroidManifest.xml:26:22-94
61
62    <application
62-->src/main/AndroidManifest.xml:6:5-36:19
63        android:name="com.tamarcosmetics.MainApplication"
63-->src/main/AndroidManifest.xml:7:7-38
64        android:allowBackup="false"
64-->src/main/AndroidManifest.xml:11:7-34
65        android:appComponentFactory="androidx.core.app.CoreComponentFactory"
65-->[androidx.core:core:1.13.1] AndroidManifest.xml:28:18-86
66        android:extractNativeLibs="true"
67        android:icon="@mipmap/ic_launcher"
67-->src/main/AndroidManifest.xml:9:7-41
68        android:label="@string/app_name"
68-->src/main/AndroidManifest.xml:8:7-39
69        android:roundIcon="@mipmap/ic_launcher_round"
69-->src/main/AndroidManifest.xml:10:7-52
70        android:supportsRtl="true"
70-->src/main/AndroidManifest.xml:13:7-33
71        android:theme="@style/AppTheme" >
71-->src/main/AndroidManifest.xml:12:7-38
72        <meta-data
72-->src/main/AndroidManifest.xml:14:7-15:59
73            android:name="onesignal_app_id"
73-->src/main/AndroidManifest.xml:14:18-49
74            android:value="d9945d54-6265-4c20-a274-492cc3b9607e" />
74-->src/main/AndroidManifest.xml:15:5-57
75        <meta-data
75-->src/main/AndroidManifest.xml:16:4-17:29
76            android:name="onesignal_google_project_number"
76-->src/main/AndroidManifest.xml:16:15-61
77            android:value="REMOTE" />
77-->src/main/AndroidManifest.xml:17:5-27
78        <meta-data
78-->src/main/AndroidManifest.xml:18:5-20:25
79            android:name="com.onesignal.NotificationServiceExtension"
79-->src/main/AndroidManifest.xml:19:3-60
80            android:value="true" />
80-->src/main/AndroidManifest.xml:20:3-23
81        <meta-data
81-->src/main/AndroidManifest.xml:21:3-23:61
82            android:name="com.onesignal.NotificationSmallIcon"
82-->src/main/AndroidManifest.xml:22:5-55
83            android:resource="@drawable/ic_stat_onesignal_default" />
83-->src/main/AndroidManifest.xml:23:5-59
84
85        <activity
85-->src/main/AndroidManifest.xml:24:7-35:18
86            android:name="com.tamarcosmetics.MainActivity"
86-->src/main/AndroidManifest.xml:25:9-37
87            android:configChanges="keyboard|keyboardHidden|orientation|screenLayout|screenSize|smallestScreenSize|uiMode"
87-->src/main/AndroidManifest.xml:27:9-118
88            android:exported="true"
88-->src/main/AndroidManifest.xml:30:9-32
89            android:label="@string/app_name"
89-->src/main/AndroidManifest.xml:26:9-41
90            android:launchMode="singleTask"
90-->src/main/AndroidManifest.xml:28:9-40
91            android:windowSoftInputMode="adjustResize" >
91-->src/main/AndroidManifest.xml:29:9-51
92            <intent-filter>
92-->src/main/AndroidManifest.xml:31:9-34:25
93                <action android:name="android.intent.action.MAIN" />
93-->src/main/AndroidManifest.xml:32:13-65
93-->src/main/AndroidManifest.xml:32:21-62
94
95                <category android:name="android.intent.category.LAUNCHER" />
95-->src/main/AndroidManifest.xml:33:13-73
95-->src/main/AndroidManifest.xml:33:23-70
96            </intent-filter>
97        </activity>
98
99        <provider
99-->[:react-native-webview] AndroidManifest.xml:20:9-28:20
100            android:name="com.reactnativecommunity.webview.RNCWebViewFileProvider"
100-->[:react-native-webview] AndroidManifest.xml:21:13-83
101            android:authorities="com.tamarcosmetics.fileprovider"
101-->[:react-native-webview] AndroidManifest.xml:22:13-64
102            android:exported="false"
102-->[:react-native-webview] AndroidManifest.xml:23:13-37
103            android:grantUriPermissions="true" >
103-->[:react-native-webview] AndroidManifest.xml:24:13-47
104            <meta-data
104-->[:react-native-webview] AndroidManifest.xml:25:13-27:63
105                android:name="android.support.FILE_PROVIDER_PATHS"
105-->[:react-native-webview] AndroidManifest.xml:26:17-67
106                android:resource="@xml/file_provider_paths" />
106-->[:react-native-webview] AndroidManifest.xml:27:17-60
107        </provider>
108
109        <receiver
109-->[com.onesignal:notifications:5.1.34] AndroidManifest.xml:49:9-60:20
110            android:name="com.onesignal.notifications.receivers.FCMBroadcastReceiver"
110-->[com.onesignal:notifications:5.1.34] AndroidManifest.xml:50:13-86
111            android:exported="true"
111-->[com.onesignal:notifications:5.1.34] AndroidManifest.xml:51:13-36
112            android:permission="com.google.android.c2dm.permission.SEND" >
112-->[com.onesignal:notifications:5.1.34] AndroidManifest.xml:52:13-73
113
114            <!-- High priority so OneSignal payloads can be filtered from other FCM receivers -->
115            <intent-filter android:priority="999" >
115-->[com.onesignal:notifications:5.1.34] AndroidManifest.xml:55:13-59:29
115-->[com.onesignal:notifications:5.1.34] AndroidManifest.xml:55:28-50
116                <action android:name="com.google.android.c2dm.intent.RECEIVE" />
116-->[com.onesignal:notifications:5.1.34] AndroidManifest.xml:56:17-81
116-->[com.onesignal:notifications:5.1.34] AndroidManifest.xml:56:25-78
117
118                <category android:name="com.tamarcosmetics" />
118-->[com.onesignal:notifications:5.1.34] AndroidManifest.xml:58:17-61
118-->[com.onesignal:notifications:5.1.34] AndroidManifest.xml:58:27-58
119            </intent-filter>
120        </receiver>
121
122        <service
122-->[com.onesignal:notifications:5.1.34] AndroidManifest.xml:62:9-68:19
123            android:name="com.onesignal.notifications.services.HmsMessageServiceOneSignal"
123-->[com.onesignal:notifications:5.1.34] AndroidManifest.xml:63:13-91
124            android:exported="false" >
124-->[com.onesignal:notifications:5.1.34] AndroidManifest.xml:64:13-37
125            <intent-filter>
125-->[com.onesignal:notifications:5.1.34] AndroidManifest.xml:65:13-67:29
126                <action android:name="com.huawei.push.action.MESSAGING_EVENT" />
126-->[com.onesignal:notifications:5.1.34] AndroidManifest.xml:66:17-81
126-->[com.onesignal:notifications:5.1.34] AndroidManifest.xml:66:25-78
127            </intent-filter>
128        </service> <!-- CAUTION: OneSignal backend includes the activity name in the payload, modifying the name without sync may result in notification click not firing -->
129        <activity
129-->[com.onesignal:notifications:5.1.34] AndroidManifest.xml:69:9-77:20
130            android:name="com.onesignal.NotificationOpenedActivityHMS"
130-->[com.onesignal:notifications:5.1.34] AndroidManifest.xml:70:13-71
131            android:exported="true"
131-->[com.onesignal:notifications:5.1.34] AndroidManifest.xml:71:13-36
132            android:noHistory="true"
132-->[com.onesignal:notifications:5.1.34] AndroidManifest.xml:72:13-37
133            android:theme="@android:style/Theme.Translucent.NoTitleBar" >
133-->[com.onesignal:notifications:5.1.34] AndroidManifest.xml:73:13-72
134            <intent-filter>
134-->[com.onesignal:notifications:5.1.34] AndroidManifest.xml:74:13-76:29
135                <action android:name="android.intent.action.VIEW" />
135-->[com.onesignal:notifications:5.1.34] AndroidManifest.xml:75:17-69
135-->[com.onesignal:notifications:5.1.34] AndroidManifest.xml:75:25-66
136            </intent-filter>
137        </activity>
138
139        <receiver
139-->[com.onesignal:notifications:5.1.34] AndroidManifest.xml:79:9-81:39
140            android:name="com.onesignal.notifications.receivers.NotificationDismissReceiver"
140-->[com.onesignal:notifications:5.1.34] AndroidManifest.xml:80:13-93
141            android:exported="true" />
141-->[com.onesignal:notifications:5.1.34] AndroidManifest.xml:81:13-36
142        <receiver
142-->[com.onesignal:notifications:5.1.34] AndroidManifest.xml:82:9-89:20
143            android:name="com.onesignal.notifications.receivers.BootUpReceiver"
143-->[com.onesignal:notifications:5.1.34] AndroidManifest.xml:83:13-80
144            android:exported="true" >
144-->[com.onesignal:notifications:5.1.34] AndroidManifest.xml:84:13-36
145            <intent-filter>
145-->[com.onesignal:notifications:5.1.34] AndroidManifest.xml:85:13-88:29
146                <action android:name="android.intent.action.BOOT_COMPLETED" />
146-->[com.onesignal:notifications:5.1.34] AndroidManifest.xml:86:17-79
146-->[com.onesignal:notifications:5.1.34] AndroidManifest.xml:86:25-76
147                <action android:name="android.intent.action.QUICKBOOT_POWERON" />
147-->[com.onesignal:notifications:5.1.34] AndroidManifest.xml:87:17-82
147-->[com.onesignal:notifications:5.1.34] AndroidManifest.xml:87:25-79
148            </intent-filter>
149        </receiver>
150        <receiver
150-->[com.onesignal:notifications:5.1.34] AndroidManifest.xml:90:9-96:20
151            android:name="com.onesignal.notifications.receivers.UpgradeReceiver"
151-->[com.onesignal:notifications:5.1.34] AndroidManifest.xml:91:13-81
152            android:exported="true" >
152-->[com.onesignal:notifications:5.1.34] AndroidManifest.xml:92:13-36
153            <intent-filter>
153-->[com.onesignal:notifications:5.1.34] AndroidManifest.xml:93:13-95:29
154                <action android:name="android.intent.action.MY_PACKAGE_REPLACED" />
154-->[com.onesignal:notifications:5.1.34] AndroidManifest.xml:94:17-84
154-->[com.onesignal:notifications:5.1.34] AndroidManifest.xml:94:25-81
155            </intent-filter>
156        </receiver>
157
158        <activity
158-->[com.onesignal:notifications:5.1.34] AndroidManifest.xml:98:9-104:75
159            android:name="com.onesignal.notifications.activities.NotificationOpenedActivity"
159-->[com.onesignal:notifications:5.1.34] AndroidManifest.xml:99:13-93
160            android:excludeFromRecents="true"
160-->[com.onesignal:notifications:5.1.34] AndroidManifest.xml:100:13-46
161            android:exported="true"
161-->[com.onesignal:notifications:5.1.34] AndroidManifest.xml:101:13-36
162            android:noHistory="true"
162-->[com.onesignal:notifications:5.1.34] AndroidManifest.xml:102:13-37
163            android:taskAffinity=""
163-->[com.onesignal:notifications:5.1.34] AndroidManifest.xml:103:13-36
164            android:theme="@android:style/Theme.Translucent.NoTitleBar" />
164-->[com.onesignal:notifications:5.1.34] AndroidManifest.xml:104:13-72
165        <activity
165-->[com.onesignal:notifications:5.1.34] AndroidManifest.xml:105:9-110:75
166            android:name="com.onesignal.notifications.activities.NotificationOpenedActivityAndroid22AndOlder"
166-->[com.onesignal:notifications:5.1.34] AndroidManifest.xml:106:13-110
167            android:excludeFromRecents="true"
167-->[com.onesignal:notifications:5.1.34] AndroidManifest.xml:107:13-46
168            android:exported="true"
168-->[com.onesignal:notifications:5.1.34] AndroidManifest.xml:108:13-36
169            android:noHistory="true"
169-->[com.onesignal:notifications:5.1.34] AndroidManifest.xml:109:13-37
170            android:theme="@android:style/Theme.Translucent.NoTitleBar" />
170-->[com.onesignal:notifications:5.1.34] AndroidManifest.xml:110:13-72
171
172        <service
172-->[com.onesignal:core:5.1.34] AndroidManifest.xml:13:9-16:72
173            android:name="com.onesignal.core.services.SyncJobService"
173-->[com.onesignal:core:5.1.34] AndroidManifest.xml:14:13-70
174            android:exported="false"
174-->[com.onesignal:core:5.1.34] AndroidManifest.xml:15:13-37
175            android:permission="android.permission.BIND_JOB_SERVICE" />
175-->[com.onesignal:core:5.1.34] AndroidManifest.xml:16:13-69
176
177        <activity
177-->[com.onesignal:core:5.1.34] AndroidManifest.xml:18:9-21:75
178            android:name="com.onesignal.core.activities.PermissionsActivity"
178-->[com.onesignal:core:5.1.34] AndroidManifest.xml:19:13-77
179            android:exported="false"
179-->[com.onesignal:core:5.1.34] AndroidManifest.xml:20:13-37
180            android:theme="@android:style/Theme.Translucent.NoTitleBar" />
180-->[com.onesignal:core:5.1.34] AndroidManifest.xml:21:13-72
181
182        <receiver
182-->[com.google.firebase:firebase-messaging:23.4.0] AndroidManifest.xml:29:9-40:20
183            android:name="com.google.firebase.iid.FirebaseInstanceIdReceiver"
183-->[com.google.firebase:firebase-messaging:23.4.0] AndroidManifest.xml:30:13-78
184            android:exported="true"
184-->[com.google.firebase:firebase-messaging:23.4.0] AndroidManifest.xml:31:13-36
185            android:permission="com.google.android.c2dm.permission.SEND" >
185-->[com.google.firebase:firebase-messaging:23.4.0] AndroidManifest.xml:32:13-73
186            <intent-filter>
186-->[com.google.firebase:firebase-messaging:23.4.0] AndroidManifest.xml:33:13-35:29
187                <action android:name="com.google.android.c2dm.intent.RECEIVE" />
187-->[com.onesignal:notifications:5.1.34] AndroidManifest.xml:56:17-81
187-->[com.onesignal:notifications:5.1.34] AndroidManifest.xml:56:25-78
188            </intent-filter>
189
190            <meta-data
190-->[com.google.firebase:firebase-messaging:23.4.0] AndroidManifest.xml:37:13-39:40
191                android:name="com.google.android.gms.cloudmessaging.FINISHED_AFTER_HANDLED"
191-->[com.google.firebase:firebase-messaging:23.4.0] AndroidManifest.xml:38:17-92
192                android:value="true" />
192-->[com.google.firebase:firebase-messaging:23.4.0] AndroidManifest.xml:39:17-37
193        </receiver>
194        <!--
195             FirebaseMessagingService performs security checks at runtime,
196             but set to not exported to explicitly avoid allowing another app to call it.
197        -->
198        <service
198-->[com.google.firebase:firebase-messaging:23.4.0] AndroidManifest.xml:46:9-53:19
199            android:name="com.google.firebase.messaging.FirebaseMessagingService"
199-->[com.google.firebase:firebase-messaging:23.4.0] AndroidManifest.xml:47:13-82
200            android:directBootAware="true"
200-->[com.google.firebase:firebase-messaging:23.4.0] AndroidManifest.xml:48:13-43
201            android:exported="false" >
201-->[com.google.firebase:firebase-messaging:23.4.0] AndroidManifest.xml:49:13-37
202            <intent-filter android:priority="-500" >
202-->[com.google.firebase:firebase-messaging:23.4.0] AndroidManifest.xml:50:13-52:29
202-->[com.google.firebase:firebase-messaging:23.4.0] AndroidManifest.xml:50:28-51
203                <action android:name="com.google.firebase.MESSAGING_EVENT" />
203-->[com.google.firebase:firebase-messaging:23.4.0] AndroidManifest.xml:51:17-78
203-->[com.google.firebase:firebase-messaging:23.4.0] AndroidManifest.xml:51:25-75
204            </intent-filter>
205        </service>
206        <service
206-->[com.google.firebase:firebase-messaging:23.4.0] AndroidManifest.xml:54:9-63:19
207            android:name="com.google.firebase.components.ComponentDiscoveryService"
207-->[com.google.firebase:firebase-messaging:23.4.0] AndroidManifest.xml:55:13-84
208            android:directBootAware="true"
208-->[com.google.firebase:firebase-common:20.4.2] AndroidManifest.xml:32:13-43
209            android:exported="false" >
209-->[com.google.firebase:firebase-messaging:23.4.0] AndroidManifest.xml:56:13-37
210            <meta-data
210-->[com.google.firebase:firebase-messaging:23.4.0] AndroidManifest.xml:57:13-59:85
211                android:name="com.google.firebase.components:com.google.firebase.messaging.FirebaseMessagingKtxRegistrar"
211-->[com.google.firebase:firebase-messaging:23.4.0] AndroidManifest.xml:58:17-122
212                android:value="com.google.firebase.components.ComponentRegistrar" />
212-->[com.google.firebase:firebase-messaging:23.4.0] AndroidManifest.xml:59:17-82
213            <meta-data
213-->[com.google.firebase:firebase-messaging:23.4.0] AndroidManifest.xml:60:13-62:85
214                android:name="com.google.firebase.components:com.google.firebase.messaging.FirebaseMessagingRegistrar"
214-->[com.google.firebase:firebase-messaging:23.4.0] AndroidManifest.xml:61:17-119
215                android:value="com.google.firebase.components.ComponentRegistrar" />
215-->[com.google.firebase:firebase-messaging:23.4.0] AndroidManifest.xml:62:17-82
216            <meta-data
216-->[com.google.firebase:firebase-installations:17.2.0] AndroidManifest.xml:15:13-17:85
217                android:name="com.google.firebase.components:com.google.firebase.installations.FirebaseInstallationsKtxRegistrar"
217-->[com.google.firebase:firebase-installations:17.2.0] AndroidManifest.xml:16:17-130
218                android:value="com.google.firebase.components.ComponentRegistrar" />
218-->[com.google.firebase:firebase-installations:17.2.0] AndroidManifest.xml:17:17-82
219            <meta-data
219-->[com.google.firebase:firebase-installations:17.2.0] AndroidManifest.xml:18:13-20:85
220                android:name="com.google.firebase.components:com.google.firebase.installations.FirebaseInstallationsRegistrar"
220-->[com.google.firebase:firebase-installations:17.2.0] AndroidManifest.xml:19:17-127
221                android:value="com.google.firebase.components.ComponentRegistrar" />
221-->[com.google.firebase:firebase-installations:17.2.0] AndroidManifest.xml:20:17-82
222            <meta-data
222-->[com.google.firebase:firebase-common-ktx:20.4.2] AndroidManifest.xml:12:13-14:85
223                android:name="com.google.firebase.components:com.google.firebase.ktx.FirebaseCommonLegacyRegistrar"
223-->[com.google.firebase:firebase-common-ktx:20.4.2] AndroidManifest.xml:13:17-116
224                android:value="com.google.firebase.components.ComponentRegistrar" />
224-->[com.google.firebase:firebase-common-ktx:20.4.2] AndroidManifest.xml:14:17-82
225            <meta-data
225-->[com.google.firebase:firebase-common:20.4.2] AndroidManifest.xml:35:13-37:85
226                android:name="com.google.firebase.components:com.google.firebase.FirebaseCommonKtxRegistrar"
226-->[com.google.firebase:firebase-common:20.4.2] AndroidManifest.xml:36:17-109
227                android:value="com.google.firebase.components.ComponentRegistrar" />
227-->[com.google.firebase:firebase-common:20.4.2] AndroidManifest.xml:37:17-82
228            <meta-data
228-->[com.google.firebase:firebase-datatransport:18.1.7] AndroidManifest.xml:27:13-29:85
229                android:name="com.google.firebase.components:com.google.firebase.datatransport.TransportRegistrar"
229-->[com.google.firebase:firebase-datatransport:18.1.7] AndroidManifest.xml:28:17-115
230                android:value="com.google.firebase.components.ComponentRegistrar" />
230-->[com.google.firebase:firebase-datatransport:18.1.7] AndroidManifest.xml:29:17-82
231        </service>
232
233        <activity
233-->[com.google.android.gms:play-services-base:18.0.1] AndroidManifest.xml:20:9-22:45
234            android:name="com.google.android.gms.common.api.GoogleApiActivity"
234-->[com.google.android.gms:play-services-base:18.0.1] AndroidManifest.xml:20:19-85
235            android:exported="false"
235-->[com.google.android.gms:play-services-base:18.0.1] AndroidManifest.xml:22:19-43
236            android:theme="@android:style/Theme.Translucent.NoTitleBar" />
236-->[com.google.android.gms:play-services-base:18.0.1] AndroidManifest.xml:21:19-78
237
238        <provider
238-->[com.google.firebase:firebase-common:20.4.2] AndroidManifest.xml:23:9-28:39
239            android:name="com.google.firebase.provider.FirebaseInitProvider"
239-->[com.google.firebase:firebase-common:20.4.2] AndroidManifest.xml:24:13-77
240            android:authorities="com.tamarcosmetics.firebaseinitprovider"
240-->[com.google.firebase:firebase-common:20.4.2] AndroidManifest.xml:25:13-72
241            android:directBootAware="true"
241-->[com.google.firebase:firebase-common:20.4.2] AndroidManifest.xml:26:13-43
242            android:exported="false"
242-->[com.google.firebase:firebase-common:20.4.2] AndroidManifest.xml:27:13-37
243            android:initOrder="100" />
243-->[com.google.firebase:firebase-common:20.4.2] AndroidManifest.xml:28:13-36
244        <provider
244-->[androidx.emoji2:emoji2:1.3.0] AndroidManifest.xml:24:9-32:20
245            android:name="androidx.startup.InitializationProvider"
245-->[androidx.emoji2:emoji2:1.3.0] AndroidManifest.xml:25:13-67
246            android:authorities="com.tamarcosmetics.androidx-startup"
246-->[androidx.emoji2:emoji2:1.3.0] AndroidManifest.xml:26:13-68
247            android:exported="false" >
247-->[androidx.emoji2:emoji2:1.3.0] AndroidManifest.xml:27:13-37
248            <meta-data
248-->[androidx.emoji2:emoji2:1.3.0] AndroidManifest.xml:29:13-31:52
249                android:name="androidx.emoji2.text.EmojiCompatInitializer"
249-->[androidx.emoji2:emoji2:1.3.0] AndroidManifest.xml:30:17-75
250                android:value="androidx.startup" />
250-->[androidx.emoji2:emoji2:1.3.0] AndroidManifest.xml:31:17-49
251            <meta-data
251-->[androidx.work:work-runtime:2.8.1] AndroidManifest.xml:34:13-36:52
252                android:name="androidx.work.WorkManagerInitializer"
252-->[androidx.work:work-runtime:2.8.1] AndroidManifest.xml:35:17-68
253                android:value="androidx.startup" />
253-->[androidx.work:work-runtime:2.8.1] AndroidManifest.xml:36:17-49
254            <meta-data
254-->[androidx.lifecycle:lifecycle-process:2.6.2] AndroidManifest.xml:29:13-31:52
255                android:name="androidx.lifecycle.ProcessLifecycleInitializer"
255-->[androidx.lifecycle:lifecycle-process:2.6.2] AndroidManifest.xml:30:17-78
256                android:value="androidx.startup" />
256-->[androidx.lifecycle:lifecycle-process:2.6.2] AndroidManifest.xml:31:17-49
257            <meta-data